\BOOKMARK [0][-]{chapter*.1}{Forord}{}% 1
\BOOKMARK [-1][-]{part.1}{I Oppg\345va}{}% 2
\BOOKMARK [0][-]{chapter*.5}{Oppg\345veteksten}{part.1}% 3
\BOOKMARK [1][-]{section.0.1}{Orginal oppg\345vetekst}{chapter*.5}% 4
\BOOKMARK [1][-]{section.0.2}{Revidert oppg\345vetekst}{chapter*.5}% 5
\BOOKMARK [0][-]{chapter*.8}{Samandrag}{part.1}% 6
\BOOKMARK [-1][-]{part.2}{II Sluttrapporten}{}% 7
\BOOKMARK [0][-]{chapter.1}{Introduksjon}{part.2}% 8
\BOOKMARK [1][-]{section.1.1}{Introduksjon}{chapter.1}% 9
\BOOKMARK [1][-]{section.1.2}{Definisjonar og forkortingar}{chapter.1}% 10
\BOOKMARK [2][-]{subsection.1.2.1}{Ordliste}{section.1.2}% 11
\BOOKMARK [0][-]{chapter.2}{Teori}{part.2}% 12
\BOOKMARK [1][-]{section.2.1}{Konsept}{chapter.2}% 13
\BOOKMARK [2][-]{subsection.2.1.1}{Captive-Portal}{section.2.1}% 14
\BOOKMARK [2][-]{subsection.2.1.2}{Behandling av trafikk}{section.2.1}% 15
\BOOKMARK [1][-]{section.2.2}{Aktuell teknologi}{chapter.2}% 16
\BOOKMARK [2][-]{subsection.2.2.1}{Operativsystem}{section.2.2}% 17
\BOOKMARK [2][-]{subsection.2.2.2}{Programmeringspr\345k}{section.2.2}% 18
\BOOKMARK [2][-]{subsection.2.2.3}{Programvare}{section.2.2}% 19
\BOOKMARK [2][-]{subsection.2.2.4}{Integrerte linuxmodular}{section.2.2}% 20
\BOOKMARK [1][-]{section.2.3}{Kodefilisofi}{chapter.2}% 21
\BOOKMARK [0][-]{chapter.3}{Metode}{part.2}% 22
\BOOKMARK [1][-]{section.3.1}{Val av teknologi}{chapter.3}% 23
\BOOKMARK [2][-]{subsection.3.1.1}{Operativsystem}{section.3.1}% 24
\BOOKMARK [2][-]{subsection.3.1.2}{Programmeringsspr\345k}{section.3.1}% 25
\BOOKMARK [2][-]{subsection.3.1.3}{Programvare}{section.3.1}% 26
\BOOKMARK [0][-]{chapter.4}{Resultat}{part.2}% 27
\BOOKMARK [1][-]{section.4.1}{Faglige resultat}{chapter.4}% 28
\BOOKMARK [2][-]{subsection.4.1.1}{M\345loppn\345ing}{section.4.1}% 29
\BOOKMARK [2][-]{subsection.4.1.2}{Kommentar til UseCase-ar}{section.4.1}% 30
\BOOKMARK [1][-]{section.4.2}{Administrative resultat}{chapter.4}% 31
\BOOKMARK [0][-]{chapter.5}{Dr\370fting}{part.2}% 32
\BOOKMARK [1][-]{section.5.1}{Kvifor dette resultatet?}{chapter.5}% 33
\BOOKMARK [1][-]{section.5.2}{Svakheiter ved produktet}{chapter.5}% 34
\BOOKMARK [1][-]{section.5.3}{Styrkar ved produktet}{chapter.5}% 35
\BOOKMARK [1][-]{section.5.4}{Vidareutvikling av produktet}{chapter.5}% 36
\BOOKMARK [0][-]{chapter.6}{Konklusjon}{part.2}% 37
\BOOKMARK [0][-]{chapter.7}{Kjelder og referansar}{part.2}% 38
\BOOKMARK [-1][-]{part.3}{III Vedlegg}{}% 39
\BOOKMARK [0][-]{appendix.A}{Testrapport fr\345 TIHLDE-LAN}{part.3}% 40
\BOOKMARK [0][-]{appendix.B}{Visjonsdokument}{part.3}% 41
\BOOKMARK [0][-]{appendix.C}{Kravdokument}{part.3}% 42
\BOOKMARK [0][-]{appendix.D}{Arkitekturdokument}{part.3}% 43
\BOOKMARK [0][-]{appendix.E}{Prosjekthandbok}{part.3}% 44
\BOOKMARK [0][-]{appendix.F}{Dokumentasjon fr\345 haustprosjektet}{part.3}% 45
\BOOKMARK [0][-]{appendix*.42}{Etterord}{part.3}% 46
\BOOKMARK [1][-]{section.F.1}{Takk!}{appendix*.42}% 47
