This is pdfTeX, Version 3.1415926-2.4-1.40.13 (TeX Live 2012/Debian) (format=pdflatex 2013.2.5)  13 MAY 2013 14:00
entering extended mode
 restricted \write18 enabled.
 %&-line parsing enabled.
**sluttrapport.tex
(./sluttrapport.tex
LaTeX2e <2011/06/27>
Babel <v3.8m> and hyphenation patterns for english, dumylang, nohyphenation, lo
aded.
(/usr/share/texlive/texmf-dist/tex/latex/base/book.cls
Document Class: book 2007/10/19 v1.4h Standard LaTeX document class
(/usr/share/texlive/texmf-dist/tex/latex/base/bk12.clo
File: bk12.clo 2007/10/19 v1.4h Standard LaTeX file (size option)
)
\c@part=\count79
\c@chapter=\count80
\c@section=\count81
\c@subsection=\count82
\c@subsubsection=\count83
\c@paragraph=\count84
\c@subparagraph=\count85
\c@figure=\count86
\c@table=\count87
\abovecaptionskip=\skip41
\belowcaptionskip=\skip42
\bibindent=\dimen102
)
(/usr/share/texlive/texmf-dist/tex/latex/base/inputenc.sty
Package: inputenc 2008/03/30 v1.1d Input encoding file
\inpenc@prehook=\toks14
\inpenc@posthook=\toks15

(/usr/share/texlive/texmf-dist/tex/latex/base/utf8.def
File: utf8.def 2008/04/05 v1.1m UTF-8 support for inputenc
Now handling font encoding OML ...
... no UTF-8 mapping file for font encoding OML
Now handling font encoding T1 ...
... processing UTF-8 mapping file for font encoding T1

(/usr/share/texlive/texmf-dist/tex/latex/base/t1enc.dfu
File: t1enc.dfu 2008/04/05 v1.1m UTF-8 support for inputenc
   defining Unicode char U+00A1 (decimal 161)
   defining Unicode char U+00A3 (decimal 163)
   defining Unicode char U+00AB (decimal 171)
   defining Unicode char U+00BB (decimal 187)
   defining Unicode char U+00BF (decimal 191)
   defining Unicode char U+00C0 (decimal 192)
   defining Unicode char U+00C1 (decimal 193)
   defining Unicode char U+00C2 (decimal 194)
   defining Unicode char U+00C3 (decimal 195)
   defining Unicode char U+00C4 (decimal 196)
   defining Unicode char U+00C5 (decimal 197)
   defining Unicode char U+00C6 (decimal 198)
   defining Unicode char U+00C7 (decimal 199)
   defining Unicode char U+00C8 (decimal 200)
   defining Unicode char U+00C9 (decimal 201)
   defining Unicode char U+00CA (decimal 202)
   defining Unicode char U+00CB (decimal 203)
   defining Unicode char U+00CC (decimal 204)
   defining Unicode char U+00CD (decimal 205)
   defining Unicode char U+00CE (decimal 206)
   defining Unicode char U+00CF (decimal 207)
   defining Unicode char U+00D0 (decimal 208)
   defining Unicode char U+00D1 (decimal 209)
   defining Unicode char U+00D2 (decimal 210)
   defining Unicode char U+00D3 (decimal 211)
   defining Unicode char U+00D4 (decimal 212)
   defining Unicode char U+00D5 (decimal 213)
   defining Unicode char U+00D6 (decimal 214)
   defining Unicode char U+00D8 (decimal 216)
   defining Unicode char U+00D9 (decimal 217)
   defining Unicode char U+00DA (decimal 218)
   defining Unicode char U+00DB (decimal 219)
   defining Unicode char U+00DC (decimal 220)
   defining Unicode char U+00DD (decimal 221)
   defining Unicode char U+00DE (decimal 222)
   defining Unicode char U+00DF (decimal 223)
   defining Unicode char U+00E0 (decimal 224)
   defining Unicode char U+00E1 (decimal 225)
   defining Unicode char U+00E2 (decimal 226)
   defining Unicode char U+00E3 (decimal 227)
   defining Unicode char U+00E4 (decimal 228)
   defining Unicode char U+00E5 (decimal 229)
   defining Unicode char U+00E6 (decimal 230)
   defining Unicode char U+00E7 (decimal 231)
   defining Unicode char U+00E8 (decimal 232)
   defining Unicode char U+00E9 (decimal 233)
   defining Unicode char U+00EA (decimal 234)
   defining Unicode char U+00EB (decimal 235)
   defining Unicode char U+00EC (decimal 236)
   defining Unicode char U+00ED (decimal 237)
   defining Unicode char U+00EE (decimal 238)
   defining Unicode char U+00EF (decimal 239)
   defining Unicode char U+00F0 (decimal 240)
   defining Unicode char U+00F1 (decimal 241)
   defining Unicode char U+00F2 (decimal 242)
   defining Unicode char U+00F3 (decimal 243)
   defining Unicode char U+00F4 (decimal 244)
   defining Unicode char U+00F5 (decimal 245)
   defining Unicode char U+00F6 (decimal 246)
   defining Unicode char U+00F8 (decimal 248)
   defining Unicode char U+00F9 (decimal 249)
   defining Unicode char U+00FA (decimal 250)
   defining Unicode char U+00FB (decimal 251)
   defining Unicode char U+00FC (decimal 252)
   defining Unicode char U+00FD (decimal 253)
   defining Unicode char U+00FE (decimal 254)
   defining Unicode char U+00FF (decimal 255)
   defining Unicode char U+0102 (decimal 258)
   defining Unicode char U+0103 (decimal 259)
   defining Unicode char U+0104 (decimal 260)
   defining Unicode char U+0105 (decimal 261)
   defining Unicode char U+0106 (decimal 262)
   defining Unicode char U+0107 (decimal 263)
   defining Unicode char U+010C (decimal 268)
   defining Unicode char U+010D (decimal 269)
   defining Unicode char U+010E (decimal 270)
   defining Unicode char U+010F (decimal 271)
   defining Unicode char U+0110 (decimal 272)
   defining Unicode char U+0111 (decimal 273)
   defining Unicode char U+0118 (decimal 280)
   defining Unicode char U+0119 (decimal 281)
   defining Unicode char U+011A (decimal 282)
   defining Unicode char U+011B (decimal 283)
   defining Unicode char U+011E (decimal 286)
   defining Unicode char U+011F (decimal 287)
   defining Unicode char U+0130 (decimal 304)
   defining Unicode char U+0131 (decimal 305)
   defining Unicode char U+0132 (decimal 306)
   defining Unicode char U+0133 (decimal 307)
   defining Unicode char U+0139 (decimal 313)
   defining Unicode char U+013A (decimal 314)
   defining Unicode char U+013D (decimal 317)
   defining Unicode char U+013E (decimal 318)
   defining Unicode char U+0141 (decimal 321)
   defining Unicode char U+0142 (decimal 322)
   defining Unicode char U+0143 (decimal 323)
   defining Unicode char U+0144 (decimal 324)
   defining Unicode char U+0147 (decimal 327)
   defining Unicode char U+0148 (decimal 328)
   defining Unicode char U+014A (decimal 330)
   defining Unicode char U+014B (decimal 331)
   defining Unicode char U+0150 (decimal 336)
   defining Unicode char U+0151 (decimal 337)
   defining Unicode char U+0152 (decimal 338)
   defining Unicode char U+0153 (decimal 339)
   defining Unicode char U+0154 (decimal 340)
   defining Unicode char U+0155 (decimal 341)
   defining Unicode char U+0158 (decimal 344)
   defining Unicode char U+0159 (decimal 345)
   defining Unicode char U+015A (decimal 346)
   defining Unicode char U+015B (decimal 347)
   defining Unicode char U+015E (decimal 350)
   defining Unicode char U+015F (decimal 351)
   defining Unicode char U+0160 (decimal 352)
   defining Unicode char U+0161 (decimal 353)
   defining Unicode char U+0162 (decimal 354)
   defining Unicode char U+0163 (decimal 355)
   defining Unicode char U+0164 (decimal 356)
   defining Unicode char U+0165 (decimal 357)
   defining Unicode char U+016E (decimal 366)
   defining Unicode char U+016F (decimal 367)
   defining Unicode char U+0170 (decimal 368)
   defining Unicode char U+0171 (decimal 369)
   defining Unicode char U+0178 (decimal 376)
   defining Unicode char U+0179 (decimal 377)
   defining Unicode char U+017A (decimal 378)
   defining Unicode char U+017B (decimal 379)
   defining Unicode char U+017C (decimal 380)
   defining Unicode char U+017D (decimal 381)
   defining Unicode char U+017E (decimal 382)
   defining Unicode char U+200C (decimal 8204)
   defining Unicode char U+2013 (decimal 8211)
   defining Unicode char U+2014 (decimal 8212)
   defining Unicode char U+2018 (decimal 8216)
   defining Unicode char U+2019 (decimal 8217)
   defining Unicode char U+201A (decimal 8218)
   defining Unicode char U+201C (decimal 8220)
   defining Unicode char U+201D (decimal 8221)
   defining Unicode char U+201E (decimal 8222)
   defining Unicode char U+2030 (decimal 8240)
   defining Unicode char U+2031 (decimal 8241)
   defining Unicode char U+2039 (decimal 8249)
   defining Unicode char U+203A (decimal 8250)
   defining Unicode char U+2423 (decimal 9251)
)
Now handling font encoding OT1 ...
... processing UTF-8 mapping file for font encoding OT1

(/usr/share/texlive/texmf-dist/tex/latex/base/ot1enc.dfu
File: ot1enc.dfu 2008/04/05 v1.1m UTF-8 support for inputenc
   defining Unicode char U+00A1 (decimal 161)
   defining Unicode char U+00A3 (decimal 163)
   defining Unicode char U+00B8 (decimal 184)
   defining Unicode char U+00BF (decimal 191)
   defining Unicode char U+00C5 (decimal 197)
   defining Unicode char U+00C6 (decimal 198)
   defining Unicode char U+00D8 (decimal 216)
   defining Unicode char U+00DF (decimal 223)
   defining Unicode char U+00E6 (decimal 230)
   defining Unicode char U+00EC (decimal 236)
   defining Unicode char U+00ED (decimal 237)
   defining Unicode char U+00EE (decimal 238)
   defining Unicode char U+00EF (decimal 239)
   defining Unicode char U+00F8 (decimal 248)
   defining Unicode char U+0131 (decimal 305)
   defining Unicode char U+0141 (decimal 321)
   defining Unicode char U+0142 (decimal 322)
   defining Unicode char U+0152 (decimal 338)
   defining Unicode char U+0153 (decimal 339)
   defining Unicode char U+2013 (decimal 8211)
   defining Unicode char U+2014 (decimal 8212)
   defining Unicode char U+2018 (decimal 8216)
   defining Unicode char U+2019 (decimal 8217)
   defining Unicode char U+201C (decimal 8220)
   defining Unicode char U+201D (decimal 8221)
)
Now handling font encoding OMS ...
... processing UTF-8 mapping file for font encoding OMS

(/usr/share/texlive/texmf-dist/tex/latex/base/omsenc.dfu
File: omsenc.dfu 2008/04/05 v1.1m UTF-8 support for inputenc
   defining Unicode char U+00A7 (decimal 167)
   defining Unicode char U+00B6 (decimal 182)
   defining Unicode char U+00B7 (decimal 183)
   defining Unicode char U+2020 (decimal 8224)
   defining Unicode char U+2021 (decimal 8225)
   defining Unicode char U+2022 (decimal 8226)
)
Now handling font encoding OMX ...
... no UTF-8 mapping file for font encoding OMX
Now handling font encoding U ...
... no UTF-8 mapping file for font encoding U
   defining Unicode char U+00A9 (decimal 169)
   defining Unicode char U+00AA (decimal 170)
   defining Unicode char U+00AE (decimal 174)
   defining Unicode char U+00BA (decimal 186)
   defining Unicode char U+02C6 (decimal 710)
   defining Unicode char U+02DC (decimal 732)
   defining Unicode char U+200C (decimal 8204)
   defining Unicode char U+2026 (decimal 8230)
   defining Unicode char U+2122 (decimal 8482)
   defining Unicode char U+2423 (decimal 9251)
))
(/usr/share/texlive/texmf-dist/tex/latex/base/fontenc.sty
Package: fontenc 2005/09/27 v1.99g Standard LaTeX package

(/usr/share/texlive/texmf-dist/tex/latex/base/t1enc.def
File: t1enc.def 2005/09/27 v1.99g Standard LaTeX file
LaTeX Font Info:    Redeclaring font encoding T1 on input line 43.
))
(/usr/share/texmf/tex/latex/lm/lmodern.sty
Package: lmodern 2009/10/30 v1.6 Latin Modern Fonts
LaTeX Font Info:    Overwriting symbol font `operators' in version `normal'
(Font)                  OT1/cmr/m/n --> OT1/lmr/m/n on input line 22.
LaTeX Font Info:    Overwriting symbol font `letters' in version `normal'
(Font)                  OML/cmm/m/it --> OML/lmm/m/it on input line 23.
LaTeX Font Info:    Overwriting symbol font `symbols' in version `normal'
(Font)                  OMS/cmsy/m/n --> OMS/lmsy/m/n on input line 24.
LaTeX Font Info:    Overwriting symbol font `largesymbols' in version `normal'
(Font)                  OMX/cmex/m/n --> OMX/lmex/m/n on input line 25.
LaTeX Font Info:    Overwriting symbol font `operators' in version `bold'
(Font)                  OT1/cmr/bx/n --> OT1/lmr/bx/n on input line 26.
LaTeX Font Info:    Overwriting symbol font `letters' in version `bold'
(Font)                  OML/cmm/b/it --> OML/lmm/b/it on input line 27.
LaTeX Font Info:    Overwriting symbol font `symbols' in version `bold'
(Font)                  OMS/cmsy/b/n --> OMS/lmsy/b/n on input line 28.
LaTeX Font Info:    Overwriting symbol font `largesymbols' in version `bold'
(Font)                  OMX/cmex/m/n --> OMX/lmex/m/n on input line 29.
LaTeX Font Info:    Overwriting math alphabet `\mathbf' in version `normal'
(Font)                  OT1/cmr/bx/n --> OT1/lmr/bx/n on input line 31.
LaTeX Font Info:    Overwriting math alphabet `\mathsf' in version `normal'
(Font)                  OT1/cmss/m/n --> OT1/lmss/m/n on input line 32.
LaTeX Font Info:    Overwriting math alphabet `\mathit' in version `normal'
(Font)                  OT1/cmr/m/it --> OT1/lmr/m/it on input line 33.
LaTeX Font Info:    Overwriting math alphabet `\mathtt' in version `normal'
(Font)                  OT1/cmtt/m/n --> OT1/lmtt/m/n on input line 34.
LaTeX Font Info:    Overwriting math alphabet `\mathbf' in version `bold'
(Font)                  OT1/cmr/bx/n --> OT1/lmr/bx/n on input line 35.
LaTeX Font Info:    Overwriting math alphabet `\mathsf' in version `bold'
(Font)                  OT1/cmss/bx/n --> OT1/lmss/bx/n on input line 36.
LaTeX Font Info:    Overwriting math alphabet `\mathit' in version `bold'
(Font)                  OT1/cmr/bx/it --> OT1/lmr/bx/it on input line 37.
LaTeX Font Info:    Overwriting math alphabet `\mathtt' in version `bold'
(Font)                  OT1/cmtt/m/n --> OT1/lmtt/m/n on input line 38.
)
(/usr/share/texlive/texmf-dist/tex/latex/graphics/graphicx.sty
Package: graphicx 1999/02/16 v1.0f Enhanced LaTeX Graphics (DPC,SPQR)

(/usr/share/texlive/texmf-dist/tex/latex/graphics/keyval.sty
Package: keyval 1999/03/16 v1.13 key=value parser (DPC)
\KV@toks@=\toks16
)
(/usr/share/texlive/texmf-dist/tex/latex/graphics/graphics.sty
Package: graphics 2009/02/05 v1.0o Standard LaTeX Graphics (DPC,SPQR)

(/usr/share/texlive/texmf-dist/tex/latex/graphics/trig.sty
Package: trig 1999/03/16 v1.09 sin cos tan (DPC)
)
(/usr/share/texlive/texmf-dist/tex/latex/latexconfig/graphics.cfg
File: graphics.cfg 2010/04/23 v1.9 graphics configuration of TeX Live
)
Package graphics Info: Driver file: pdftex.def on input line 91.

(/usr/share/texlive/texmf-dist/tex/latex/pdftex-def/pdftex.def
File: pdftex.def 2011/05/27 v0.06d Graphics/color for pdfTeX

(/usr/share/texlive/texmf-dist/tex/generic/oberdiek/infwarerr.sty
Package: infwarerr 2010/04/08 v1.3 Providing info/warning/error messages (HO)
)
(/usr/share/texlive/texmf-dist/tex/generic/oberdiek/ltxcmds.sty
Package: ltxcmds 2011/11/09 v1.22 LaTeX kernel commands for general use (HO)
)
\Gread@gobject=\count88
))
\Gin@req@height=\dimen103
\Gin@req@width=\dimen104
)
(/usr/share/texlive/texmf-dist/tex/generic/babel/babel.sty
Package: babel 2008/07/08 v3.8m The Babel package

(/usr/share/texlive/texmf-dist/tex/generic/babel/norsk.ldf
Language: norsk 2005/03/30 v2.0h Norsk support from the babel system

(/usr/share/texlive/texmf-dist/tex/generic/babel/babel.def
File: babel.def 2008/07/08 v3.8m Babel common definitions
\babel@savecnt=\count89
\U@D=\dimen105
)

Package babel Warning: No hyphenation patterns were loaded for
(babel)                the language `Norsk'
(babel)                I will use the patterns loaded for \language=0 instead.

\l@norsk = a dialect from \language0
\l@nynorsk = a dialect from \language\l@norsk 
Package babel Info: Making " an active character on input line 113.
)) (/usr/share/texlive/texmf-dist/tex/latex/hyperref/hyperref.sty
Package: hyperref 2012/05/13 v6.82q Hypertext links for LaTeX

(/usr/share/texlive/texmf-dist/tex/generic/oberdiek/hobsub-hyperref.sty
Package: hobsub-hyperref 2012/05/28 v1.13 Bundle oberdiek, subset hyperref (HO)


(/usr/share/texlive/texmf-dist/tex/generic/oberdiek/hobsub-generic.sty
Package: hobsub-generic 2012/05/28 v1.13 Bundle oberdiek, subset generic (HO)
Package: hobsub 2012/05/28 v1.13 Construct package bundles (HO)
Package hobsub Info: Skipping package `infwarerr' (already loaded).
Package hobsub Info: Skipping package `ltxcmds' (already loaded).
Package: ifluatex 2010/03/01 v1.3 Provides the ifluatex switch (HO)
Package ifluatex Info: LuaTeX not detected.
Package: ifvtex 2010/03/01 v1.5 Detect VTeX and its facilities (HO)
Package ifvtex Info: VTeX not detected.
Package: intcalc 2007/09/27 v1.1 Expandable calculations with integers (HO)
Package: ifpdf 2011/01/30 v2.3 Provides the ifpdf switch (HO)
Package ifpdf Info: pdfTeX in PDF mode is detected.
Package: etexcmds 2011/02/16 v1.5 Avoid name clashes with e-TeX commands (HO)
Package etexcmds Info: Could not find \expanded.
(etexcmds)             That can mean that you are not using pdfTeX 1.50 or
(etexcmds)             that some package has redefined \expanded.
(etexcmds)             In the latter case, load this package earlier.
Package: kvsetkeys 2012/04/25 v1.16 Key value parser (HO)
Package: kvdefinekeys 2011/04/07 v1.3 Define keys (HO)
Package: pdftexcmds 2011/11/29 v0.20 Utility functions of pdfTeX for LuaTeX (HO
)
Package pdftexcmds Info: LuaTeX not detected.
Package pdftexcmds Info: \pdf@primitive is available.
Package pdftexcmds Info: \pdf@ifprimitive is available.
Package pdftexcmds Info: \pdfdraftmode found.
Package: pdfescape 2011/11/25 v1.13 Implements pdfTeX's escape features (HO)
Package: bigintcalc 2012/04/08 v1.3 Expandable calculations on big integers (HO
)
Package: bitset 2011/01/30 v1.1 Handle bit-vector datatype (HO)
Package: uniquecounter 2011/01/30 v1.2 Provide unlimited unique counter (HO)
)
Package hobsub Info: Skipping package `hobsub' (already loaded).
Package: letltxmacro 2010/09/02 v1.4 Let assignment for LaTeX macros (HO)
Package: hopatch 2012/05/28 v1.2 Wrapper for package hooks (HO)
Package: xcolor-patch 2011/01/30 xcolor patch
Package: atveryend 2011/06/30 v1.8 Hooks at the very end of document (HO)
Package atveryend Info: \enddocument detected (standard20110627).
Package: atbegshi 2011/10/05 v1.16 At begin shipout hook (HO)
Package: refcount 2011/10/16 v3.4 Data extraction from label references (HO)
Package: hycolor 2011/01/30 v1.7 Color options for hyperref/bookmark (HO)
)
(/usr/share/texlive/texmf-dist/tex/generic/ifxetex/ifxetex.sty
Package: ifxetex 2010/09/12 v0.6 Provides ifxetex conditional
)
(/usr/share/texlive/texmf-dist/tex/latex/oberdiek/kvoptions.sty
Package: kvoptions 2011/06/30 v3.11 Key value format for package options (HO)
)
\@linkdim=\dimen106
\Hy@linkcounter=\count90
\Hy@pagecounter=\count91

(/usr/share/texlive/texmf-dist/tex/latex/hyperref/pd1enc.def
File: pd1enc.def 2012/05/13 v6.82q Hyperref: PDFDocEncoding definition (HO)
Now handling font encoding PD1 ...
... no UTF-8 mapping file for font encoding PD1
)
\Hy@SavedSpaceFactor=\count92

(/usr/share/texlive/texmf-dist/tex/latex/latexconfig/hyperref.cfg
File: hyperref.cfg 2002/06/06 v1.2 hyperref configuration of TeXLive
)
Package hyperref Info: Hyper figures OFF on input line 4062.
Package hyperref Info: Link nesting OFF on input line 4067.
Package hyperref Info: Hyper index ON on input line 4070.
Package hyperref Info: Plain pages OFF on input line 4077.
Package hyperref Info: Backreferencing OFF on input line 4082.
Package hyperref Info: Implicit mode ON; LaTeX internals redefined.
Package hyperref Info: Bookmarks ON on input line 4300.
\c@Hy@tempcnt=\count93

(/usr/share/texlive/texmf-dist/tex/latex/url/url.sty
\Urlmuskip=\muskip10
Package: url 2006/04/12  ver 3.3  Verb mode for urls, etc.
)
LaTeX Info: Redefining \url on input line 4653.
\Fld@menulength=\count94
\Field@Width=\dimen107
\Fld@charsize=\dimen108
Package hyperref Info: Hyper figures OFF on input line 5773.
Package hyperref Info: Link nesting OFF on input line 5778.
Package hyperref Info: Hyper index ON on input line 5781.
Package hyperref Info: backreferencing OFF on input line 5788.
Package hyperref Info: Link coloring OFF on input line 5793.
Package hyperref Info: Link coloring with OCG OFF on input line 5798.
Package hyperref Info: PDF/A mode OFF on input line 5803.
LaTeX Info: Redefining \ref on input line 5843.
LaTeX Info: Redefining \pageref on input line 5847.
\Hy@abspage=\count95
\c@Item=\count96
\c@Hfootnote=\count97
)

Package hyperref Message: Driver (autodetected): hpdftex.

(/usr/share/texlive/texmf-dist/tex/latex/hyperref/hpdftex.def
File: hpdftex.def 2012/05/13 v6.82q Hyperref driver for pdfTeX
\Fld@listcount=\count98
\c@bookmark@seq@number=\count99

(/usr/share/texlive/texmf-dist/tex/latex/oberdiek/rerunfilecheck.sty
Package: rerunfilecheck 2011/04/15 v1.7 Rerun checks for auxiliary files (HO)
Package uniquecounter Info: New unique counter `rerunfilecheck' on input line 2
82.
)
\Hy@SectionHShift=\skip43
)
(/usr/share/texlive/texmf-dist/tex/latex/subfiles/subfiles.sty
Package: subfiles 2012/05/23 Federico Garcia

(/usr/share/texlive/texmf-dist/tex/latex/tools/verbatim.sty
Package: verbatim 2003/08/22 v1.5q LaTeX2e package for verbatim enhancements
\every@verbatim=\toks17
\verbatim@line=\toks18
\verbatim@in@stream=\read1
))
(/usr/share/texlive/texmf-dist/tex/latex/oberdiek/pdflscape.sty
Package: pdflscape 2008/08/11 v0.10 Display of landscape pages in PDF (HO)

(/usr/share/texlive/texmf-dist/tex/latex/graphics/lscape.sty
Package: lscape 2000/10/22 v3.01 Landscape Pages (DPC)
)
Package pdflscape Info: Auto-detected driver: pdftex on input line 80.
)
(/usr/share/texlive/texmf-dist/tex/latex/pdfpages/pdfpages.sty
Package: pdfpages 2012/04/03 v0.4s Insert pages of external PDF documents (AM)

(/usr/share/texlive/texmf-dist/tex/latex/base/ifthen.sty
Package: ifthen 2001/05/26 v1.1c Standard LaTeX ifthen package (DPC)
)
(/usr/share/texlive/texmf-dist/tex/latex/tools/calc.sty
Package: calc 2007/08/22 v4.3 Infix arithmetic (KKT,FJ)
\calc@Acount=\count100
\calc@Bcount=\count101
\calc@Adimen=\dimen109
\calc@Bdimen=\dimen110
\calc@Askip=\skip44
\calc@Bskip=\skip45
LaTeX Info: Redefining \setlength on input line 76.
LaTeX Info: Redefining \addtolength on input line 77.
\calc@Ccount=\count102
\calc@Cskip=\skip46
)
(/usr/share/texlive/texmf-dist/tex/latex/eso-pic/eso-pic.sty
Package: eso-pic 2010/10/06 v2.0c eso-pic (RN)

(/usr/share/texmf/tex/latex/xcolor/xcolor.sty
Package: xcolor 2007/01/21 v2.11 LaTeX color extensions (UK)

(/usr/share/texlive/texmf-dist/tex/latex/latexconfig/color.cfg
File: color.cfg 2007/01/18 v1.5 color configuration of teTeX/TeXLive
)
Package xcolor Info: Driver file: pdftex.def on input line 225.
Package xcolor Info: Model `cmy' substituted by `cmy0' on input line 1337.
Package xcolor Info: Model `hsb' substituted by `rgb' on input line 1341.
Package xcolor Info: Model `RGB' extended on input line 1353.
Package xcolor Info: Model `HTML' substituted by `rgb' on input line 1355.
Package xcolor Info: Model `Hsb' substituted by `hsb' on input line 1356.
Package xcolor Info: Model `tHsb' substituted by `hsb' on input line 1357.
Package xcolor Info: Model `HSB' substituted by `hsb' on input line 1358.
Package xcolor Info: Model `Gray' substituted by `gray' on input line 1359.
Package xcolor Info: Model `wave' substituted by `hsb' on input line 1360.
))
(/usr/share/texlive/texmf-dist/tex/latex/pdfpages/pppdftex.def
File: pppdftex.def 2012/04/03 v0.4s Pdfpages driver for pdfTeX (AM)
)
\AM@pagebox=\box26
\AM@toc@title=\toks19
\c@AM@survey=\count103
\AM@templatesizebox=\box27
)
(./sluttrapport.aux)
\openout1 = `sluttrapport.aux'.

LaTeX Font Info:    Checking defaults for OML/cmm/m/it on input line 18.
LaTeX Font Info:    ... okay on input line 18.
LaTeX Font Info:    Checking defaults for T1/cmr/m/n on input line 18.
LaTeX Font Info:    ... okay on input line 18.
LaTeX Font Info:    Checking defaults for OT1/cmr/m/n on input line 18.
LaTeX Font Info:    ... okay on input line 18.
LaTeX Font Info:    Checking defaults for OMS/cmsy/m/n on input line 18.
LaTeX Font Info:    ... okay on input line 18.
LaTeX Font Info:    Checking defaults for OMX/cmex/m/n on input line 18.
LaTeX Font Info:    ... okay on input line 18.
LaTeX Font Info:    Checking defaults for U/cmr/m/n on input line 18.
LaTeX Font Info:    ... okay on input line 18.
LaTeX Font Info:    Checking defaults for PD1/pdf/m/n on input line 18.
LaTeX Font Info:    ... okay on input line 18.
LaTeX Font Info:    Try loading font information for T1+lmr on input line 18.
 (/usr/share/texmf/tex/latex/lm/t1lmr.fd
File: t1lmr.fd 2009/10/30 v1.6 Font defs for Latin Modern
)
(/usr/share/texlive/texmf-dist/tex/context/base/supp-pdf.mkii
[Loading MPS to PDF converter (version 2006.09.02).]
\scratchcounter=\count104
\scratchdimen=\dimen111
\scratchbox=\box28
\nofMPsegments=\count105
\nofMParguments=\count106
\everyMPshowfont=\toks20
\MPscratchCnt=\count107
\MPscratchDim=\dimen112
\MPnumerator=\count108
\makeMPintoPDFobject=\count109
\everyMPtoPDFconversion=\toks21
) (/usr/share/texlive/texmf-dist/tex/latex/oberdiek/epstopdf-base.sty
Package: epstopdf-base 2010/02/09 v2.5 Base part for package epstopdf

(/usr/share/texlive/texmf-dist/tex/latex/oberdiek/grfext.sty
Package: grfext 2010/08/19 v1.1 Manage graphics extensions (HO)
)
Package grfext Info: Graphics extension search list:
(grfext)             [.png,.pdf,.jpg,.mps,.jpeg,.jbig2,.jb2,.PNG,.PDF,.JPG,.JPE
G,.JBIG2,.JB2,.eps]
(grfext)             \AppendGraphicsExtensions on input line 452.

(/usr/share/texlive/texmf-dist/tex/latex/latexconfig/epstopdf-sys.cfg
File: epstopdf-sys.cfg 2010/07/13 v1.3 Configuration of (r)epstopdf for TeX Liv
e
))
\AtBeginShipoutBox=\box29
Package hyperref Info: Link coloring OFF on input line 18.

(/usr/share/texlive/texmf-dist/tex/latex/hyperref/nameref.sty
Package: nameref 2010/04/30 v2.40 Cross-referencing by name of section

(/usr/share/texlive/texmf-dist/tex/generic/oberdiek/gettitlestring.sty
Package: gettitlestring 2010/12/03 v1.4 Cleanup title references (HO)
)
\c@section@level=\count110
)
LaTeX Info: Redefining \ref on input line 18.
LaTeX Info: Redefining \pageref on input line 18.
LaTeX Info: Redefining \nameref on input line 18.

(./sluttrapport.out) (./sluttrapport.out)
\@outlinefile=\write3
\openout3 = `sluttrapport.out'.


<apx/20E.pdf, id=198, page=1, 597.23125pt x 845.1575pt>
File: apx/20E.pdf Graphic file (type pdf)

<use apx/20E.pdf, page 1>
Package pdftex.def Info: apx/20E.pdf, page1 used on input line 19.
(pdftex.def)             Requested size: 597.22978pt x 845.15544pt.
File: apx/20E.pdf Graphic file (type pdf)
 <use apx/20E.pdf, page 1>
Package pdftex.def Info: apx/20E.pdf, page1 used on input line 19.
(pdftex.def)             Requested size: 597.25711pt x 845.19412pt.
File: apx/20E.pdf Graphic file (type pdf)
 <use apx/20E.pdf, page 1>
Package pdftex.def Info: apx/20E.pdf, page1 used on input line 19.
(pdftex.def)             Requested size: 597.25711pt x 845.19412pt.
File: apx/20E.pdf Graphic file (type pdf)

<use apx/20E.pdf, page 1>
Package pdftex.def Info: apx/20E.pdf, page1 used on input line 19.
(pdftex.def)             Requested size: 597.25711pt x 845.19412pt.
File: apx/20E.pdf Graphic file (type pdf)
 <use apx/20E.pdf, page 1>
Package pdftex.def Info: apx/20E.pdf, page1 used on input line 19.
(pdftex.def)             Requested size: 597.25711pt x 845.19412pt.
 [1

 <./apx/20E.pdf>]
LaTeX Font Info:    Try loading font information for OT1+lmr on input line 22.

(/usr/share/texmf/tex/latex/lm/ot1lmr.fd
File: ot1lmr.fd 2009/10/30 v1.6 Font defs for Latin Modern
)
LaTeX Font Info:    Try loading font information for OML+lmm on input line 22.

(/usr/share/texmf/tex/latex/lm/omllmm.fd
File: omllmm.fd 2009/10/30 v1.6 Font defs for Latin Modern
)
LaTeX Font Info:    Try loading font information for OMS+lmsy on input line 22.


(/usr/share/texmf/tex/latex/lm/omslmsy.fd
File: omslmsy.fd 2009/10/30 v1.6 Font defs for Latin Modern
)
LaTeX Font Info:    Try loading font information for OMX+lmex on input line 22.


(/usr/share/texmf/tex/latex/lm/omxlmex.fd
File: omxlmex.fd 2009/10/30 v1.6 Font defs for Latin Modern
)
LaTeX Font Info:    External font `lmex10' loaded for size
(Font)              <14.4> on input line 22.
LaTeX Font Info:    External font `lmex10' loaded for size
(Font)              <10> on input line 22.
LaTeX Font Info:    External font `lmex10' loaded for size
(Font)              <7> on input line 22.
 [1


{/var/lib/texmf/fonts/map/pdftex/updmap/pdftex.map}]
LaTeX Font Info:    External font `lmex10' loaded for size
(Font)              <12> on input line 33.
LaTeX Font Info:    External font `lmex10' loaded for size
(Font)              <8> on input line 33.
LaTeX Font Info:    External font `lmex10' loaded for size
(Font)              <6> on input line 33.

Overfull \hbox (44.33858pt too wide) in paragraph at lines 33--40
 [][] 
 []

pdfTeX warning (ext4): destination with the same identifier (name{page.i}) has 
been already used, duplicate ignored
<to be read again> 
                   \relax 
l.42 \part
          {Oppgåva} [1

] [2

] [3

] [4

] [5] (./sluttrapport.toc [6

])
\tf@toc=\write4
\openout4 = `sluttrapport.toc'.

 [7]pdfTeX warning (ext4): destination with the same identifier (name{page.1}) 
has been already used, duplicate ignored
<to be read again> 
                   \relax 
l.66 \part{Rapporten}
                      [1


]
Kapittel 1.

Overfull \hbox (0.776pt too wide) in paragraph at lines 75--76
 []\T1/lmr/bx/n/12 Bash(-script)[] \T1/lmr/m/n/12 Bourne-Again-SHell. Er ein ko
-man-do-tolkar for unix-system.
 []

[2

] [3]
Kapittel 2.

LaTeX Warning: Citation `ciscoCP' on page 4 undefined on input line 88.


LaTeX Warning: Citation `wheezy' on page 4 undefined on input line 99.


LaTeX Warning: Citation `pythonversjon' on page 4 undefined on input line 103.


LaTeX Warning: Citation `python' on page 4 undefined on input line 104.


LaTeX Warning: Citation `pythonapps' on page 4 undefined on input line 104.


LaTeX Warning: Citation `pythonsubprocess' on page 4 undefined on input line 10
4.

[4

]

LaTeX Warning: Citation `djangowww' on page 5 undefined on input line 108.


LaTeX Warning: Citation `djangosessions' on page 5 undefined on input line 108.


LaTeX Font Info:    External font `lmex10' loaded for size
(Font)              <5> on input line 110.
LaTeX Font Info:    Try loading font information for T1+lmtt on input line 110.

(/usr/share/texmf/tex/latex/lm/t1lmtt.fd
File: t1lmtt.fd 2009/10/30 v1.6 Font defs for Latin Modern
)

LaTeX Warning: Citation `djangopkg' on page 5 undefined on input line 110.


LaTeX Warning: Citation `debbash' on page 5 undefined on input line 113.


LaTeX Warning: Citation `bashwww' on page 5 undefined on input line 113.


LaTeX Warning: Citation `bashabout' on page 5 undefined on input line 113.


LaTeX Warning: Citation `phpwww' on page 5 undefined on input line 116.


LaTeX Warning: Citation `phppkg' on page 5 undefined on input line 116.


LaTeX Warning: Citation `apahcetraf' on page 5 undefined on input line 120.


LaTeX Warning: Citation `modwsgi' on page 5 undefined on input line 120.


LaTeX Warning: Citation `phpmodule' on page 5 undefined on input line 120.

[5]

LaTeX Warning: Citation `netfiltercore' on page 6 undefined on input line 127.


LaTeX Warning: Citation `lartcintro' on page 6 undefined on input line 130.


LaTeX Warning: Citation `unixprog' on page 6 undefined on input line 135.


LaTeX Warning: Citation `mvc' on page 6 undefined on input line 137.

[6] [7]
Kapittel 3.
[8

] [9]
Kapittel 4.
[10

] [11]
Kapittel 5.
[12

]
Kapittel 6.
[13

]
Kapittel 7.
(./sluttrapport.bbl) [14

] [15

]
Tillegg A.
[16

]
Tillegg B.
[17

] <apx/visjonsdokument.pdf, id=425, page=1, 597.50829pt x 845.0471pt>
File: apx/visjonsdokument.pdf Graphic file (type pdf)

<use apx/visjonsdokument.pdf, page 1>
Package pdftex.def Info: apx/visjonsdokument.pdf, page1 used on input line 207.

(pdftex.def)             Requested size: 597.50682pt x 845.04504pt.
File: apx/visjonsdokument.pdf Graphic file (type pdf)
 <use apx/visjonsdokument.pdf, page 1>
Package pdftex.def Info: apx/visjonsdokument.pdf, page1 used on input line 207.

(pdftex.def)             Requested size: 597.53416pt x 845.08372pt.
File: apx/visjonsdokument.pdf Graphic file (type pdf)

<use apx/visjonsdokument.pdf, page 1>
Package pdftex.def Info: apx/visjonsdokument.pdf, page1 used on input line 207.

(pdftex.def)             Requested size: 597.53416pt x 845.08372pt.
File: apx/visjonsdokument.pdf Graphic file (type pdf)
 <use apx/visjonsdokument.pdf, page 1>
Package pdftex.def Info: apx/visjonsdokument.pdf, page1 used on input line 207.

(pdftex.def)             Requested size: 597.53416pt x 845.08372pt.
File: apx/visjonsdokument.pdf Graphic file (type pdf)

<use apx/visjonsdokument.pdf, page 1>
Package pdftex.def Info: apx/visjonsdokument.pdf, page1 used on input line 207.

(pdftex.def)             Requested size: 597.53416pt x 845.08372pt.
 [18 <./apx/visjonsdokument.pdf>]
<apx/visjonsdokument.pdf, id=441, page=2, 597.50829pt x 845.0471pt>
File: apx/visjonsdokument.pdf Graphic file (type pdf)

<use apx/visjonsdokument.pdf, page 2>
Package pdftex.def Info: apx/visjonsdokument.pdf, page2 used on input line 207.

(pdftex.def)             Requested size: 597.53416pt x 845.08372pt.
File: apx/visjonsdokument.pdf Graphic file (type pdf)
 <use apx/visjonsdokument.pdf, page 2>
Package pdftex.def Info: apx/visjonsdokument.pdf, page2 used on input line 207.

(pdftex.def)             Requested size: 597.53416pt x 845.08372pt.
File: apx/visjonsdokument.pdf Graphic file (type pdf)

<use apx/visjonsdokument.pdf, page 2>
Package pdftex.def Info: apx/visjonsdokument.pdf, page2 used on input line 207.

(pdftex.def)             Requested size: 597.53416pt x 845.08372pt.
 [19 <./apx/visjonsdokument.pdf>]
<apx/visjonsdokument.pdf, id=456, page=3, 597.50829pt x 845.0471pt>
File: apx/visjonsdokument.pdf Graphic file (type pdf)

<use apx/visjonsdokument.pdf, page 3>
Package pdftex.def Info: apx/visjonsdokument.pdf, page3 used on input line 207.

(pdftex.def)             Requested size: 597.53416pt x 845.08372pt.
File: apx/visjonsdokument.pdf Graphic file (type pdf)
 <use apx/visjonsdokument.pdf, page 3>
Package pdftex.def Info: apx/visjonsdokument.pdf, page3 used on input line 207.

(pdftex.def)             Requested size: 597.53416pt x 845.08372pt.
File: apx/visjonsdokument.pdf Graphic file (type pdf)

<use apx/visjonsdokument.pdf, page 3>
Package pdftex.def Info: apx/visjonsdokument.pdf, page3 used on input line 207.

(pdftex.def)             Requested size: 597.53416pt x 845.08372pt.
 [20 <./apx/visjonsdokument.pdf>]
<apx/visjonsdokument.pdf, id=461, page=4, 597.50829pt x 845.0471pt>
File: apx/visjonsdokument.pdf Graphic file (type pdf)

<use apx/visjonsdokument.pdf, page 4>
Package pdftex.def Info: apx/visjonsdokument.pdf, page4 used on input line 207.

(pdftex.def)             Requested size: 597.53416pt x 845.08372pt.
File: apx/visjonsdokument.pdf Graphic file (type pdf)
 <use apx/visjonsdokument.pdf, page 4>
Package pdftex.def Info: apx/visjonsdokument.pdf, page4 used on input line 207.

(pdftex.def)             Requested size: 597.53416pt x 845.08372pt.
File: apx/visjonsdokument.pdf Graphic file (type pdf)

<use apx/visjonsdokument.pdf, page 4>
Package pdftex.def Info: apx/visjonsdokument.pdf, page4 used on input line 207.

(pdftex.def)             Requested size: 597.53416pt x 845.08372pt.
 [21 <./apx/visjonsdokument.pdf>]
<apx/visjonsdokument.pdf, id=466, page=5, 597.50829pt x 845.0471pt>
File: apx/visjonsdokument.pdf Graphic file (type pdf)

<use apx/visjonsdokument.pdf, page 5>
Package pdftex.def Info: apx/visjonsdokument.pdf, page5 used on input line 207.

(pdftex.def)             Requested size: 597.53416pt x 845.08372pt.
File: apx/visjonsdokument.pdf Graphic file (type pdf)
 <use apx/visjonsdokument.pdf, page 5>
Package pdftex.def Info: apx/visjonsdokument.pdf, page5 used on input line 207.

(pdftex.def)             Requested size: 597.53416pt x 845.08372pt.
File: apx/visjonsdokument.pdf Graphic file (type pdf)

<use apx/visjonsdokument.pdf, page 5>
Package pdftex.def Info: apx/visjonsdokument.pdf, page5 used on input line 207.

(pdftex.def)             Requested size: 597.53416pt x 845.08372pt.
 [22 <./apx/visjonsdokument.pdf>]
<apx/visjonsdokument.pdf, id=472, page=6, 597.50829pt x 845.0471pt>
File: apx/visjonsdokument.pdf Graphic file (type pdf)

<use apx/visjonsdokument.pdf, page 6>
Package pdftex.def Info: apx/visjonsdokument.pdf, page6 used on input line 207.

(pdftex.def)             Requested size: 597.53416pt x 845.08372pt.
File: apx/visjonsdokument.pdf Graphic file (type pdf)
 <use apx/visjonsdokument.pdf, page 6>
Package pdftex.def Info: apx/visjonsdokument.pdf, page6 used on input line 207.

(pdftex.def)             Requested size: 597.53416pt x 845.08372pt.
File: apx/visjonsdokument.pdf Graphic file (type pdf)

<use apx/visjonsdokument.pdf, page 6>
Package pdftex.def Info: apx/visjonsdokument.pdf, page6 used on input line 207.

(pdftex.def)             Requested size: 597.53416pt x 845.08372pt.
 [23 <./apx/visjonsdokument.pdf>]
<apx/visjonsdokument.pdf, id=492, page=7, 597.50829pt x 845.0471pt>
File: apx/visjonsdokument.pdf Graphic file (type pdf)

<use apx/visjonsdokument.pdf, page 7>
Package pdftex.def Info: apx/visjonsdokument.pdf, page7 used on input line 207.

(pdftex.def)             Requested size: 597.53416pt x 845.08372pt.
File: apx/visjonsdokument.pdf Graphic file (type pdf)
 <use apx/visjonsdokument.pdf, page 7>
Package pdftex.def Info: apx/visjonsdokument.pdf, page7 used on input line 207.

(pdftex.def)             Requested size: 597.53416pt x 845.08372pt.
File: apx/visjonsdokument.pdf Graphic file (type pdf)

<use apx/visjonsdokument.pdf, page 7>
Package pdftex.def Info: apx/visjonsdokument.pdf, page7 used on input line 207.

(pdftex.def)             Requested size: 597.53416pt x 845.08372pt.
 [24 <./apx/visjonsdokument.pdf>]
<apx/visjonsdokument.pdf, id=502, page=8, 597.50829pt x 845.0471pt>
File: apx/visjonsdokument.pdf Graphic file (type pdf)

<use apx/visjonsdokument.pdf, page 8>
Package pdftex.def Info: apx/visjonsdokument.pdf, page8 used on input line 207.

(pdftex.def)             Requested size: 597.53416pt x 845.08372pt.
File: apx/visjonsdokument.pdf Graphic file (type pdf)
 <use apx/visjonsdokument.pdf, page 8>
Package pdftex.def Info: apx/visjonsdokument.pdf, page8 used on input line 207.

(pdftex.def)             Requested size: 597.53416pt x 845.08372pt.
File: apx/visjonsdokument.pdf Graphic file (type pdf)

<use apx/visjonsdokument.pdf, page 8>
Package pdftex.def Info: apx/visjonsdokument.pdf, page8 used on input line 207.

(pdftex.def)             Requested size: 597.53416pt x 845.08372pt.
 [25 <./apx/visjonsdokument.pdf>]
<apx/visjonsdokument.pdf, id=507, page=9, 597.50829pt x 845.0471pt>
File: apx/visjonsdokument.pdf Graphic file (type pdf)

<use apx/visjonsdokument.pdf, page 9>
Package pdftex.def Info: apx/visjonsdokument.pdf, page9 used on input line 207.

(pdftex.def)             Requested size: 597.53416pt x 845.08372pt.
File: apx/visjonsdokument.pdf Graphic file (type pdf)
 <use apx/visjonsdokument.pdf, page 9>
Package pdftex.def Info: apx/visjonsdokument.pdf, page9 used on input line 207.

(pdftex.def)             Requested size: 597.53416pt x 845.08372pt.
File: apx/visjonsdokument.pdf Graphic file (type pdf)

<use apx/visjonsdokument.pdf, page 9>
Package pdftex.def Info: apx/visjonsdokument.pdf, page9 used on input line 207.

(pdftex.def)             Requested size: 597.53416pt x 845.08372pt.
 [26 <./apx/visjonsdokument.pdf>]
<apx/visjonsdokument.pdf, id=512, page=10, 597.50829pt x 845.0471pt>
File: apx/visjonsdokument.pdf Graphic file (type pdf)

<use apx/visjonsdokument.pdf, page 10>
Package pdftex.def Info: apx/visjonsdokument.pdf, page10 used on input line 207
.
(pdftex.def)             Requested size: 597.53416pt x 845.08372pt.
File: apx/visjonsdokument.pdf Graphic file (type pdf)
 <use apx/visjonsdokument.pdf, page 10>
Package pdftex.def Info: apx/visjonsdokument.pdf, page10 used on input line 207
.
(pdftex.def)             Requested size: 597.53416pt x 845.08372pt.
File: apx/visjonsdokument.pdf Graphic file (type pdf)

<use apx/visjonsdokument.pdf, page 10>
Package pdftex.def Info: apx/visjonsdokument.pdf, page10 used on input line 207
.
(pdftex.def)             Requested size: 597.53416pt x 845.08372pt.
 [27 <./apx/visjonsdokument.pdf>]
<apx/visjonsdokument.pdf, id=517, page=11, 597.50829pt x 845.0471pt>
File: apx/visjonsdokument.pdf Graphic file (type pdf)

<use apx/visjonsdokument.pdf, page 11>
Package pdftex.def Info: apx/visjonsdokument.pdf, page11 used on input line 207
.
(pdftex.def)             Requested size: 597.53416pt x 845.08372pt.
File: apx/visjonsdokument.pdf Graphic file (type pdf)
 <use apx/visjonsdokument.pdf, page 11>
Package pdftex.def Info: apx/visjonsdokument.pdf, page11 used on input line 207
.
(pdftex.def)             Requested size: 597.53416pt x 845.08372pt.
File: apx/visjonsdokument.pdf Graphic file (type pdf)

<use apx/visjonsdokument.pdf, page 11>
Package pdftex.def Info: apx/visjonsdokument.pdf, page11 used on input line 207
.
(pdftex.def)             Requested size: 597.53416pt x 845.08372pt.
 [28 <./apx/visjonsdokument.pdf>]
<apx/visjonsdokument.pdf, id=523, page=12, 597.50829pt x 845.0471pt>
File: apx/visjonsdokument.pdf Graphic file (type pdf)

<use apx/visjonsdokument.pdf, page 12>
Package pdftex.def Info: apx/visjonsdokument.pdf, page12 used on input line 207
.
(pdftex.def)             Requested size: 597.53416pt x 845.08372pt.
File: apx/visjonsdokument.pdf Graphic file (type pdf)
 <use apx/visjonsdokument.pdf, page 12>
Package pdftex.def Info: apx/visjonsdokument.pdf, page12 used on input line 207
.
(pdftex.def)             Requested size: 597.53416pt x 845.08372pt.
File: apx/visjonsdokument.pdf Graphic file (type pdf)

<use apx/visjonsdokument.pdf, page 12>
Package pdftex.def Info: apx/visjonsdokument.pdf, page12 used on input line 207
.
(pdftex.def)             Requested size: 597.53416pt x 845.08372pt.
 [29 <./apx/visjonsdokument.pdf>]
<apx/visjonsdokument.pdf, id=529, page=13, 597.50829pt x 845.0471pt>
File: apx/visjonsdokument.pdf Graphic file (type pdf)

<use apx/visjonsdokument.pdf, page 13>
Package pdftex.def Info: apx/visjonsdokument.pdf, page13 used on input line 207
.
(pdftex.def)             Requested size: 597.53416pt x 845.08372pt.
File: apx/visjonsdokument.pdf Graphic file (type pdf)
 <use apx/visjonsdokument.pdf, page 13>
Package pdftex.def Info: apx/visjonsdokument.pdf, page13 used on input line 207
.
(pdftex.def)             Requested size: 597.53416pt x 845.08372pt.
File: apx/visjonsdokument.pdf Graphic file (type pdf)

<use apx/visjonsdokument.pdf, page 13>
Package pdftex.def Info: apx/visjonsdokument.pdf, page13 used on input line 207
.
(pdftex.def)             Requested size: 597.53416pt x 845.08372pt.
 [30 <./apx/visjonsdokument.pdf>]
<apx/visjonsdokument.pdf, id=534, page=14, 597.50829pt x 845.0471pt>
File: apx/visjonsdokument.pdf Graphic file (type pdf)

<use apx/visjonsdokument.pdf, page 14>
Package pdftex.def Info: apx/visjonsdokument.pdf, page14 used on input line 207
.
(pdftex.def)             Requested size: 597.53416pt x 845.08372pt.
File: apx/visjonsdokument.pdf Graphic file (type pdf)
 <use apx/visjonsdokument.pdf, page 14>
Package pdftex.def Info: apx/visjonsdokument.pdf, page14 used on input line 207
.
(pdftex.def)             Requested size: 597.53416pt x 845.08372pt.
File: apx/visjonsdokument.pdf Graphic file (type pdf)

<use apx/visjonsdokument.pdf, page 14>
Package pdftex.def Info: apx/visjonsdokument.pdf, page14 used on input line 207
.
(pdftex.def)             Requested size: 597.53416pt x 845.08372pt.
 [31 <./apx/visjonsdokument.pdf>]
<apx/visjonsdokument.pdf, id=539, page=15, 597.50829pt x 845.0471pt>
File: apx/visjonsdokument.pdf Graphic file (type pdf)

<use apx/visjonsdokument.pdf, page 15>
Package pdftex.def Info: apx/visjonsdokument.pdf, page15 used on input line 207
.
(pdftex.def)             Requested size: 597.53416pt x 845.08372pt.
File: apx/visjonsdokument.pdf Graphic file (type pdf)
 <use apx/visjonsdokument.pdf, page 15>
Package pdftex.def Info: apx/visjonsdokument.pdf, page15 used on input line 207
.
(pdftex.def)             Requested size: 597.53416pt x 845.08372pt.
File: apx/visjonsdokument.pdf Graphic file (type pdf)

<use apx/visjonsdokument.pdf, page 15>
Package pdftex.def Info: apx/visjonsdokument.pdf, page15 used on input line 207
.
(pdftex.def)             Requested size: 597.53416pt x 845.08372pt.
 [32 <./apx/visjonsdokument.pdf>]
<apx/visjonsdokument.pdf, id=544, page=16, 597.50829pt x 845.0471pt>
File: apx/visjonsdokument.pdf Graphic file (type pdf)

<use apx/visjonsdokument.pdf, page 16>
Package pdftex.def Info: apx/visjonsdokument.pdf, page16 used on input line 207
.
(pdftex.def)             Requested size: 597.53416pt x 845.08372pt.
File: apx/visjonsdokument.pdf Graphic file (type pdf)
 <use apx/visjonsdokument.pdf, page 16>
Package pdftex.def Info: apx/visjonsdokument.pdf, page16 used on input line 207
.
(pdftex.def)             Requested size: 597.53416pt x 845.08372pt.
File: apx/visjonsdokument.pdf Graphic file (type pdf)

<use apx/visjonsdokument.pdf, page 16>
Package pdftex.def Info: apx/visjonsdokument.pdf, page16 used on input line 207
.
(pdftex.def)             Requested size: 597.53416pt x 845.08372pt.
 [33 <./apx/visjonsdokument.pdf>]
<apx/visjonsdokument.pdf, id=549, page=17, 597.50829pt x 845.0471pt>
File: apx/visjonsdokument.pdf Graphic file (type pdf)

<use apx/visjonsdokument.pdf, page 17>
Package pdftex.def Info: apx/visjonsdokument.pdf, page17 used on input line 207
.
(pdftex.def)             Requested size: 597.53416pt x 845.08372pt.
File: apx/visjonsdokument.pdf Graphic file (type pdf)
 <use apx/visjonsdokument.pdf, page 17>
Package pdftex.def Info: apx/visjonsdokument.pdf, page17 used on input line 207
.
(pdftex.def)             Requested size: 597.53416pt x 845.08372pt.
File: apx/visjonsdokument.pdf Graphic file (type pdf)

<use apx/visjonsdokument.pdf, page 17>
Package pdftex.def Info: apx/visjonsdokument.pdf, page17 used on input line 207
.
(pdftex.def)             Requested size: 597.53416pt x 845.08372pt.
 [34 <./apx/visjonsdokument.pdf>]
<apx/visjonsdokument.pdf, id=555, page=18, 597.50829pt x 845.0471pt>
File: apx/visjonsdokument.pdf Graphic file (type pdf)

<use apx/visjonsdokument.pdf, page 18>
Package pdftex.def Info: apx/visjonsdokument.pdf, page18 used on input line 207
.
(pdftex.def)             Requested size: 597.53416pt x 845.08372pt.
File: apx/visjonsdokument.pdf Graphic file (type pdf)
 <use apx/visjonsdokument.pdf, page 18>
Package pdftex.def Info: apx/visjonsdokument.pdf, page18 used on input line 207
.
(pdftex.def)             Requested size: 597.53416pt x 845.08372pt.
File: apx/visjonsdokument.pdf Graphic file (type pdf)

<use apx/visjonsdokument.pdf, page 18>
Package pdftex.def Info: apx/visjonsdokument.pdf, page18 used on input line 207
.
(pdftex.def)             Requested size: 597.53416pt x 845.08372pt.
 [35 <./apx/visjonsdokument.pdf>]
<apx/visjonsdokument.pdf, id=563, page=19, 597.50829pt x 845.0471pt>
File: apx/visjonsdokument.pdf Graphic file (type pdf)

<use apx/visjonsdokument.pdf, page 19>
Package pdftex.def Info: apx/visjonsdokument.pdf, page19 used on input line 207
.
(pdftex.def)             Requested size: 597.53416pt x 845.08372pt.
File: apx/visjonsdokument.pdf Graphic file (type pdf)
 <use apx/visjonsdokument.pdf, page 19>
Package pdftex.def Info: apx/visjonsdokument.pdf, page19 used on input line 207
.
(pdftex.def)             Requested size: 597.53416pt x 845.08372pt.
File: apx/visjonsdokument.pdf Graphic file (type pdf)

<use apx/visjonsdokument.pdf, page 19>
Package pdftex.def Info: apx/visjonsdokument.pdf, page19 used on input line 207
.
(pdftex.def)             Requested size: 597.53416pt x 845.08372pt.
 [36 <./apx/visjonsdokument.pdf>]
<apx/rosanalyse.pdf, id=570, page=1, 845.0471pt x 597.50829pt>
File: apx/rosanalyse.pdf Graphic file (type pdf)

<use apx/rosanalyse.pdf, page 1>
Package pdftex.def Info: apx/rosanalyse.pdf, page1 used on input line 208.
(pdftex.def)             Requested size: 845.04504pt x 597.50682pt.
File: apx/rosanalyse.pdf Graphic file (type pdf)
 <use apx/rosanalyse.pdf, page 1>
Package pdftex.def Info: apx/rosanalyse.pdf, page1 used on input line 208.
(pdftex.def)             Requested size: 845.08372pt x 597.53416pt.
File: apx/rosanalyse.pdf Graphic file (type pdf)

<use apx/rosanalyse.pdf, page 1>
Package pdftex.def Info: apx/rosanalyse.pdf, page1 used on input line 208.
(pdftex.def)             Requested size: 845.08372pt x 597.53416pt.
File: apx/rosanalyse.pdf Graphic file (type pdf)
 <use apx/rosanalyse.pdf, page 1>
Package pdftex.def Info: apx/rosanalyse.pdf, page1 used on input line 208.
(pdftex.def)             Requested size: 845.08372pt x 597.53416pt.
File: apx/rosanalyse.pdf Graphic file (type pdf)

<use apx/rosanalyse.pdf, page 1>
Package pdftex.def Info: apx/rosanalyse.pdf, page1 used on input line 208.
(pdftex.def)             Requested size: 845.08372pt x 597.53416pt.
 [37 <./apx/rosanalyse.pdf>]
Tillegg C.
[38

] <apx/kravdokument.pdf, id=592, page=1, 597.50829pt x 845.0471pt>
File: apx/kravdokument.pdf Graphic file (type pdf)

<use apx/kravdokument.pdf, page 1>
Package pdftex.def Info: apx/kravdokument.pdf, page1 used on input line 211.
(pdftex.def)             Requested size: 597.50682pt x 845.04504pt.
File: apx/kravdokument.pdf Graphic file (type pdf)
 <use apx/kravdokument.pdf, page 1>
Package pdftex.def Info: apx/kravdokument.pdf, page1 used on input line 211.
(pdftex.def)             Requested size: 597.53416pt x 845.08372pt.
File: apx/kravdokument.pdf Graphic file (type pdf)

<use apx/kravdokument.pdf, page 1>
Package pdftex.def Info: apx/kravdokument.pdf, page1 used on input line 211.
(pdftex.def)             Requested size: 597.53416pt x 845.08372pt.
File: apx/kravdokument.pdf Graphic file (type pdf)
 <use apx/kravdokument.pdf, page 1>
Package pdftex.def Info: apx/kravdokument.pdf, page1 used on input line 211.
(pdftex.def)             Requested size: 597.53416pt x 845.08372pt.
File: apx/kravdokument.pdf Graphic file (type pdf)

<use apx/kravdokument.pdf, page 1>
Package pdftex.def Info: apx/kravdokument.pdf, page1 used on input line 211.
(pdftex.def)             Requested size: 597.53416pt x 845.08372pt.
 [39 <./apx/kravdokument.pdf>]
<apx/kravdokument.pdf, id=720, page=2, 597.50829pt x 845.0471pt>
File: apx/kravdokument.pdf Graphic file (type pdf)

<use apx/kravdokument.pdf, page 2>
Package pdftex.def Info: apx/kravdokument.pdf, page2 used on input line 211.
(pdftex.def)             Requested size: 597.53416pt x 845.08372pt.
File: apx/kravdokument.pdf Graphic file (type pdf)
 <use apx/kravdokument.pdf, page 2>
Package pdftex.def Info: apx/kravdokument.pdf, page2 used on input line 211.
(pdftex.def)             Requested size: 597.53416pt x 845.08372pt.
File: apx/kravdokument.pdf Graphic file (type pdf)

<use apx/kravdokument.pdf, page 2>
Package pdftex.def Info: apx/kravdokument.pdf, page2 used on input line 211.
(pdftex.def)             Requested size: 597.53416pt x 845.08372pt.
 [40 <./apx/kravdokument.pdf>]
<apx/kravdokument.pdf, id=796, page=3, 597.50829pt x 845.0471pt>
File: apx/kravdokument.pdf Graphic file (type pdf)

<use apx/kravdokument.pdf, page 3>
Package pdftex.def Info: apx/kravdokument.pdf, page3 used on input line 211.
(pdftex.def)             Requested size: 597.53416pt x 845.08372pt.
File: apx/kravdokument.pdf Graphic file (type pdf)
 <use apx/kravdokument.pdf, page 3>
Package pdftex.def Info: apx/kravdokument.pdf, page3 used on input line 211.
(pdftex.def)             Requested size: 597.53416pt x 845.08372pt.
File: apx/kravdokument.pdf Graphic file (type pdf)

<use apx/kravdokument.pdf, page 3>
Package pdftex.def Info: apx/kravdokument.pdf, page3 used on input line 211.
(pdftex.def)             Requested size: 597.53416pt x 845.08372pt.
 [41 <./apx/kravdokument.pdf>]
<apx/kravdokument.pdf, id=836, page=4, 597.50829pt x 845.0471pt>
File: apx/kravdokument.pdf Graphic file (type pdf)

<use apx/kravdokument.pdf, page 4>
Package pdftex.def Info: apx/kravdokument.pdf, page4 used on input line 211.
(pdftex.def)             Requested size: 597.53416pt x 845.08372pt.
File: apx/kravdokument.pdf Graphic file (type pdf)
 <use apx/kravdokument.pdf, page 4>
Package pdftex.def Info: apx/kravdokument.pdf, page4 used on input line 211.
(pdftex.def)             Requested size: 597.53416pt x 845.08372pt.
File: apx/kravdokument.pdf Graphic file (type pdf)

<use apx/kravdokument.pdf, page 4>
Package pdftex.def Info: apx/kravdokument.pdf, page4 used on input line 211.
(pdftex.def)             Requested size: 597.53416pt x 845.08372pt.
 [42 <./apx/kravdokument.pdf>]
<apx/kravdokument.pdf, id=884, page=5, 597.50829pt x 845.0471pt>
File: apx/kravdokument.pdf Graphic file (type pdf)

<use apx/kravdokument.pdf, page 5>
Package pdftex.def Info: apx/kravdokument.pdf, page5 used on input line 211.
(pdftex.def)             Requested size: 597.53416pt x 845.08372pt.
File: apx/kravdokument.pdf Graphic file (type pdf)
 <use apx/kravdokument.pdf, page 5>
Package pdftex.def Info: apx/kravdokument.pdf, page5 used on input line 211.
(pdftex.def)             Requested size: 597.53416pt x 845.08372pt.
File: apx/kravdokument.pdf Graphic file (type pdf)

<use apx/kravdokument.pdf, page 5>
Package pdftex.def Info: apx/kravdokument.pdf, page5 used on input line 211.
(pdftex.def)             Requested size: 597.53416pt x 845.08372pt.
 [43 <./apx/kravdokument.pdf>]
<apx/kravdokument.pdf, id=895, page=6, 597.50829pt x 845.0471pt>
File: apx/kravdokument.pdf Graphic file (type pdf)

<use apx/kravdokument.pdf, page 6>
Package pdftex.def Info: apx/kravdokument.pdf, page6 used on input line 211.
(pdftex.def)             Requested size: 597.53416pt x 845.08372pt.
File: apx/kravdokument.pdf Graphic file (type pdf)
 <use apx/kravdokument.pdf, page 6>
Package pdftex.def Info: apx/kravdokument.pdf, page6 used on input line 211.
(pdftex.def)             Requested size: 597.53416pt x 845.08372pt.
File: apx/kravdokument.pdf Graphic file (type pdf)

<use apx/kravdokument.pdf, page 6>
Package pdftex.def Info: apx/kravdokument.pdf, page6 used on input line 211.
(pdftex.def)             Requested size: 597.53416pt x 845.08372pt.
 [44 <./apx/kravdokument.pdf>]
<apx/kravdokument.pdf, id=900, page=7, 597.50829pt x 845.0471pt>
File: apx/kravdokument.pdf Graphic file (type pdf)

<use apx/kravdokument.pdf, page 7>
Package pdftex.def Info: apx/kravdokument.pdf, page7 used on input line 211.
(pdftex.def)             Requested size: 597.53416pt x 845.08372pt.
File: apx/kravdokument.pdf Graphic file (type pdf)
 <use apx/kravdokument.pdf, page 7>
Package pdftex.def Info: apx/kravdokument.pdf, page7 used on input line 211.
(pdftex.def)             Requested size: 597.53416pt x 845.08372pt.
File: apx/kravdokument.pdf Graphic file (type pdf)

<use apx/kravdokument.pdf, page 7>
Package pdftex.def Info: apx/kravdokument.pdf, page7 used on input line 211.
(pdftex.def)             Requested size: 597.53416pt x 845.08372pt.
 [45 <./apx/kravdokument.pdf>]
<apx/kravdokument.pdf, id=905, page=8, 597.50829pt x 845.0471pt>
File: apx/kravdokument.pdf Graphic file (type pdf)

<use apx/kravdokument.pdf, page 8>
Package pdftex.def Info: apx/kravdokument.pdf, page8 used on input line 211.
(pdftex.def)             Requested size: 597.53416pt x 845.08372pt.
File: apx/kravdokument.pdf Graphic file (type pdf)
 <use apx/kravdokument.pdf, page 8>
Package pdftex.def Info: apx/kravdokument.pdf, page8 used on input line 211.
(pdftex.def)             Requested size: 597.53416pt x 845.08372pt.
File: apx/kravdokument.pdf Graphic file (type pdf)

<use apx/kravdokument.pdf, page 8>
Package pdftex.def Info: apx/kravdokument.pdf, page8 used on input line 211.
(pdftex.def)             Requested size: 597.53416pt x 845.08372pt.
 [46 <./apx/kravdokument.pdf>]
<apx/kravdokument.pdf, id=923, page=9, 597.50829pt x 845.0471pt>
File: apx/kravdokument.pdf Graphic file (type pdf)

<use apx/kravdokument.pdf, page 9>
Package pdftex.def Info: apx/kravdokument.pdf, page9 used on input line 211.
(pdftex.def)             Requested size: 597.53416pt x 845.08372pt.
File: apx/kravdokument.pdf Graphic file (type pdf)
 <use apx/kravdokument.pdf, page 9>
Package pdftex.def Info: apx/kravdokument.pdf, page9 used on input line 211.
(pdftex.def)             Requested size: 597.53416pt x 845.08372pt.
File: apx/kravdokument.pdf Graphic file (type pdf)

<use apx/kravdokument.pdf, page 9>
Package pdftex.def Info: apx/kravdokument.pdf, page9 used on input line 211.
(pdftex.def)             Requested size: 597.53416pt x 845.08372pt.
 [47 <./apx/kravdokument.pdf>]
<apx/kravdokument.pdf, id=937, page=10, 597.50829pt x 845.0471pt>
File: apx/kravdokument.pdf Graphic file (type pdf)

<use apx/kravdokument.pdf, page 10>
Package pdftex.def Info: apx/kravdokument.pdf, page10 used on input line 211.
(pdftex.def)             Requested size: 597.53416pt x 845.08372pt.
File: apx/kravdokument.pdf Graphic file (type pdf)
 <use apx/kravdokument.pdf, page 10>
Package pdftex.def Info: apx/kravdokument.pdf, page10 used on input line 211.
(pdftex.def)             Requested size: 597.53416pt x 845.08372pt.
File: apx/kravdokument.pdf Graphic file (type pdf)

<use apx/kravdokument.pdf, page 10>
Package pdftex.def Info: apx/kravdokument.pdf, page10 used on input line 211.
(pdftex.def)             Requested size: 597.53416pt x 845.08372pt.
 [48 <./apx/kravdokument.pdf>]
Tillegg D.
[49

] <apx/arkitekturdokument.pdf, id=957, page=1, 597.50829pt x 845.0471pt>
File: apx/arkitekturdokument.pdf Graphic file (type pdf)

<use apx/arkitekturdokument.pdf, page 1>
Package pdftex.def Info: apx/arkitekturdokument.pdf, page1 used on input line 2
14.
(pdftex.def)             Requested size: 597.50682pt x 845.04504pt.
File: apx/arkitekturdokument.pdf Graphic file (type pdf)

<use apx/arkitekturdokument.pdf, page 1>
Package pdftex.def Info: apx/arkitekturdokument.pdf, page1 used on input line 2
14.
(pdftex.def)             Requested size: 597.53416pt x 845.08372pt.
File: apx/arkitekturdokument.pdf Graphic file (type pdf)

<use apx/arkitekturdokument.pdf, page 1>
Package pdftex.def Info: apx/arkitekturdokument.pdf, page1 used on input line 2
14.
(pdftex.def)             Requested size: 597.53416pt x 845.08372pt.
File: apx/arkitekturdokument.pdf Graphic file (type pdf)

<use apx/arkitekturdokument.pdf, page 1>
Package pdftex.def Info: apx/arkitekturdokument.pdf, page1 used on input line 2
14.
(pdftex.def)             Requested size: 597.53416pt x 845.08372pt.
File: apx/arkitekturdokument.pdf Graphic file (type pdf)

<use apx/arkitekturdokument.pdf, page 1>
Package pdftex.def Info: apx/arkitekturdokument.pdf, page1 used on input line 2
14.
(pdftex.def)             Requested size: 597.53416pt x 845.08372pt.
 [50 <./apx/arkitekturdokument.pdf>]
<apx/arkitekturdokument.pdf, id=1086, page=2, 597.50829pt x 845.0471pt>
File: apx/arkitekturdokument.pdf Graphic file (type pdf)

<use apx/arkitekturdokument.pdf, page 2>
Package pdftex.def Info: apx/arkitekturdokument.pdf, page2 used on input line 2
14.
(pdftex.def)             Requested size: 597.53416pt x 845.08372pt.
File: apx/arkitekturdokument.pdf Graphic file (type pdf)

<use apx/arkitekturdokument.pdf, page 2>
Package pdftex.def Info: apx/arkitekturdokument.pdf, page2 used on input line 2
14.
(pdftex.def)             Requested size: 597.53416pt x 845.08372pt.
File: apx/arkitekturdokument.pdf Graphic file (type pdf)

<use apx/arkitekturdokument.pdf, page 2>
Package pdftex.def Info: apx/arkitekturdokument.pdf, page2 used on input line 2
14.
(pdftex.def)             Requested size: 597.53416pt x 845.08372pt.
 [51 <./apx/arkitekturdokument.pdf>]
<apx/arkitekturdokument.pdf, id=1142, page=3, 597.50829pt x 845.0471pt>
File: apx/arkitekturdokument.pdf Graphic file (type pdf)

<use apx/arkitekturdokument.pdf, page 3>
Package pdftex.def Info: apx/arkitekturdokument.pdf, page3 used on input line 2
14.
(pdftex.def)             Requested size: 597.53416pt x 845.08372pt.
File: apx/arkitekturdokument.pdf Graphic file (type pdf)

<use apx/arkitekturdokument.pdf, page 3>
Package pdftex.def Info: apx/arkitekturdokument.pdf, page3 used on input line 2
14.
(pdftex.def)             Requested size: 597.53416pt x 845.08372pt.
File: apx/arkitekturdokument.pdf Graphic file (type pdf)

<use apx/arkitekturdokument.pdf, page 3>
Package pdftex.def Info: apx/arkitekturdokument.pdf, page3 used on input line 2
14.
(pdftex.def)             Requested size: 597.53416pt x 845.08372pt.
 [52 <./apx/arkitekturdokument.pdf>]
<apx/arkitekturdokument.pdf, id=1190, page=4, 597.50829pt x 845.0471pt>
File: apx/arkitekturdokument.pdf Graphic file (type pdf)

<use apx/arkitekturdokument.pdf, page 4>
Package pdftex.def Info: apx/arkitekturdokument.pdf, page4 used on input line 2
14.
(pdftex.def)             Requested size: 597.53416pt x 845.08372pt.
File: apx/arkitekturdokument.pdf Graphic file (type pdf)

<use apx/arkitekturdokument.pdf, page 4>
Package pdftex.def Info: apx/arkitekturdokument.pdf, page4 used on input line 2
14.
(pdftex.def)             Requested size: 597.53416pt x 845.08372pt.
File: apx/arkitekturdokument.pdf Graphic file (type pdf)

<use apx/arkitekturdokument.pdf, page 4>
Package pdftex.def Info: apx/arkitekturdokument.pdf, page4 used on input line 2
14.
(pdftex.def)             Requested size: 597.53416pt x 845.08372pt.
 [53 <./apx/arkitekturdokument.pdf>]
<apx/arkitekturdokument.pdf, id=1262, page=5, 597.50829pt x 845.0471pt>
File: apx/arkitekturdokument.pdf Graphic file (type pdf)

<use apx/arkitekturdokument.pdf, page 5>
Package pdftex.def Info: apx/arkitekturdokument.pdf, page5 used on input line 2
14.
(pdftex.def)             Requested size: 597.53416pt x 845.08372pt.
File: apx/arkitekturdokument.pdf Graphic file (type pdf)

<use apx/arkitekturdokument.pdf, page 5>
Package pdftex.def Info: apx/arkitekturdokument.pdf, page5 used on input line 2
14.
(pdftex.def)             Requested size: 597.53416pt x 845.08372pt.
File: apx/arkitekturdokument.pdf Graphic file (type pdf)

<use apx/arkitekturdokument.pdf, page 5>
Package pdftex.def Info: apx/arkitekturdokument.pdf, page5 used on input line 2
14.
(pdftex.def)             Requested size: 597.53416pt x 845.08372pt.
 [54 <./apx/arkitekturdokument.pdf>]
<apx/arkitekturdokument.pdf, id=1273, page=6, 597.50829pt x 845.0471pt>
File: apx/arkitekturdokument.pdf Graphic file (type pdf)

<use apx/arkitekturdokument.pdf, page 6>
Package pdftex.def Info: apx/arkitekturdokument.pdf, page6 used on input line 2
14.
(pdftex.def)             Requested size: 597.53416pt x 845.08372pt.
File: apx/arkitekturdokument.pdf Graphic file (type pdf)

<use apx/arkitekturdokument.pdf, page 6>
Package pdftex.def Info: apx/arkitekturdokument.pdf, page6 used on input line 2
14.
(pdftex.def)             Requested size: 597.53416pt x 845.08372pt.
File: apx/arkitekturdokument.pdf Graphic file (type pdf)

<use apx/arkitekturdokument.pdf, page 6>
Package pdftex.def Info: apx/arkitekturdokument.pdf, page6 used on input line 2
14.
(pdftex.def)             Requested size: 597.53416pt x 845.08372pt.
 [55 <./apx/arkitekturdokument.pdf>]
<apx/arkitekturdokument.pdf, id=1278, page=7, 597.50829pt x 845.0471pt>
File: apx/arkitekturdokument.pdf Graphic file (type pdf)

<use apx/arkitekturdokument.pdf, page 7>
Package pdftex.def Info: apx/arkitekturdokument.pdf, page7 used on input line 2
14.
(pdftex.def)             Requested size: 597.53416pt x 845.08372pt.
File: apx/arkitekturdokument.pdf Graphic file (type pdf)

<use apx/arkitekturdokument.pdf, page 7>
Package pdftex.def Info: apx/arkitekturdokument.pdf, page7 used on input line 2
14.
(pdftex.def)             Requested size: 597.53416pt x 845.08372pt.
File: apx/arkitekturdokument.pdf Graphic file (type pdf)

<use apx/arkitekturdokument.pdf, page 7>
Package pdftex.def Info: apx/arkitekturdokument.pdf, page7 used on input line 2
14.
(pdftex.def)             Requested size: 597.53416pt x 845.08372pt.
 [56 <./apx/arkitekturdokument.pdf>]
<apx/arkitekturdokument.pdf, id=1292, page=8, 597.50829pt x 845.0471pt>
File: apx/arkitekturdokument.pdf Graphic file (type pdf)

<use apx/arkitekturdokument.pdf, page 8>
Package pdftex.def Info: apx/arkitekturdokument.pdf, page8 used on input line 2
14.
(pdftex.def)             Requested size: 597.53416pt x 845.08372pt.
File: apx/arkitekturdokument.pdf Graphic file (type pdf)

<use apx/arkitekturdokument.pdf, page 8>
Package pdftex.def Info: apx/arkitekturdokument.pdf, page8 used on input line 2
14.
(pdftex.def)             Requested size: 597.53416pt x 845.08372pt.
File: apx/arkitekturdokument.pdf Graphic file (type pdf)

<use apx/arkitekturdokument.pdf, page 8>
Package pdftex.def Info: apx/arkitekturdokument.pdf, page8 used on input line 2
14.
(pdftex.def)             Requested size: 597.53416pt x 845.08372pt.
 [57 <./apx/arkitekturdokument.pdf>]
<apx/arkitekturdokument.pdf, id=1303, page=9, 597.50829pt x 845.0471pt>
File: apx/arkitekturdokument.pdf Graphic file (type pdf)

<use apx/arkitekturdokument.pdf, page 9>
Package pdftex.def Info: apx/arkitekturdokument.pdf, page9 used on input line 2
14.
(pdftex.def)             Requested size: 597.53416pt x 845.08372pt.
File: apx/arkitekturdokument.pdf Graphic file (type pdf)

<use apx/arkitekturdokument.pdf, page 9>
Package pdftex.def Info: apx/arkitekturdokument.pdf, page9 used on input line 2
14.
(pdftex.def)             Requested size: 597.53416pt x 845.08372pt.
File: apx/arkitekturdokument.pdf Graphic file (type pdf)

<use apx/arkitekturdokument.pdf, page 9>
Package pdftex.def Info: apx/arkitekturdokument.pdf, page9 used on input line 2
14.
(pdftex.def)             Requested size: 597.53416pt x 845.08372pt.
 [58 <./apx/arkitekturdokument.pdf>]
<apx/arkitekturdokument.pdf, id=1315, page=10, 597.50829pt x 845.0471pt>
File: apx/arkitekturdokument.pdf Graphic file (type pdf)

<use apx/arkitekturdokument.pdf, page 10>
Package pdftex.def Info: apx/arkitekturdokument.pdf, page10 used on input line 
214.
(pdftex.def)             Requested size: 597.53416pt x 845.08372pt.
File: apx/arkitekturdokument.pdf Graphic file (type pdf)

<use apx/arkitekturdokument.pdf, page 10>
Package pdftex.def Info: apx/arkitekturdokument.pdf, page10 used on input line 
214.
(pdftex.def)             Requested size: 597.53416pt x 845.08372pt.
File: apx/arkitekturdokument.pdf Graphic file (type pdf)

<use apx/arkitekturdokument.pdf, page 10>
Package pdftex.def Info: apx/arkitekturdokument.pdf, page10 used on input line 
214.
(pdftex.def)             Requested size: 597.53416pt x 845.08372pt.
 [59 <./apx/arkitekturdokument.pdf>]
<apx/arkitekturdokument.pdf, id=1329, page=11, 597.50829pt x 845.0471pt>
File: apx/arkitekturdokument.pdf Graphic file (type pdf)

<use apx/arkitekturdokument.pdf, page 11>
Package pdftex.def Info: apx/arkitekturdokument.pdf, page11 used on input line 
214.
(pdftex.def)             Requested size: 597.53416pt x 845.08372pt.
File: apx/arkitekturdokument.pdf Graphic file (type pdf)

<use apx/arkitekturdokument.pdf, page 11>
Package pdftex.def Info: apx/arkitekturdokument.pdf, page11 used on input line 
214.
(pdftex.def)             Requested size: 597.53416pt x 845.08372pt.
File: apx/arkitekturdokument.pdf Graphic file (type pdf)

<use apx/arkitekturdokument.pdf, page 11>
Package pdftex.def Info: apx/arkitekturdokument.pdf, page11 used on input line 
214.
(pdftex.def)             Requested size: 597.53416pt x 845.08372pt.
 [60 <./apx/arkitekturdokument.pdf>]
Tillegg E.
[61

]
Tillegg F.
[62

] <apx/sluttrapport_sou.pdf, id=1355, page=1, 614.295pt x 794.97pt>
File: apx/sluttrapport_sou.pdf Graphic file (type pdf)

<use apx/sluttrapport_sou.pdf, page 1>
Package pdftex.def Info: apx/sluttrapport_sou.pdf, page1 used on input line 222
.
(pdftex.def)             Requested size: 614.29349pt x 794.96806pt.
File: apx/sluttrapport_sou.pdf Graphic file (type pdf)
 <use apx/sluttrapport_sou.pdf, page 1>
Package pdftex.def Info: apx/sluttrapport_sou.pdf, page1 used on input line 222
.
(pdftex.def)             Requested size: 597.78697pt x 773.60669pt.
File: apx/sluttrapport_sou.pdf Graphic file (type pdf)

<use apx/sluttrapport_sou.pdf, page 1>
Package pdftex.def Info: apx/sluttrapport_sou.pdf, page1 used on input line 222
.
(pdftex.def)             Requested size: 597.78697pt x 773.60669pt.
File: apx/sluttrapport_sou.pdf Graphic file (type pdf)
 <use apx/sluttrapport_sou.pdf, page 1>
Package pdftex.def Info: apx/sluttrapport_sou.pdf, page1 used on input line 222
.
(pdftex.def)             Requested size: 597.78697pt x 773.60669pt.
File: apx/sluttrapport_sou.pdf Graphic file (type pdf)

<use apx/sluttrapport_sou.pdf, page 1>
Package pdftex.def Info: apx/sluttrapport_sou.pdf, page1 used on input line 222
.
(pdftex.def)             Requested size: 597.78697pt x 773.60669pt.
 [63 <./apx/sluttrapport_sou.pdf>]
<apx/sluttrapport_sou.pdf, id=1371, page=2, 614.295pt x 794.97pt>
File: apx/sluttrapport_sou.pdf Graphic file (type pdf)

<use apx/sluttrapport_sou.pdf, page 2>
Package pdftex.def Info: apx/sluttrapport_sou.pdf, page2 used on input line 222
.
(pdftex.def)             Requested size: 597.78697pt x 773.60669pt.
File: apx/sluttrapport_sou.pdf Graphic file (type pdf)
 <use apx/sluttrapport_sou.pdf, page 2>
Package pdftex.def Info: apx/sluttrapport_sou.pdf, page2 used on input line 222
.
(pdftex.def)             Requested size: 597.78697pt x 773.60669pt.
File: apx/sluttrapport_sou.pdf Graphic file (type pdf)

<use apx/sluttrapport_sou.pdf, page 2>
Package pdftex.def Info: apx/sluttrapport_sou.pdf, page2 used on input line 222
.
(pdftex.def)             Requested size: 597.78697pt x 773.60669pt.
 [64 <./apx/sluttrapport_sou.pdf>]
<apx/sluttrapport_sou.pdf, id=1377, page=3, 614.295pt x 794.97pt>
File: apx/sluttrapport_sou.pdf Graphic file (type pdf)

<use apx/sluttrapport_sou.pdf, page 3>
Package pdftex.def Info: apx/sluttrapport_sou.pdf, page3 used on input line 222
.
(pdftex.def)             Requested size: 597.78697pt x 773.60669pt.
File: apx/sluttrapport_sou.pdf Graphic file (type pdf)
 <use apx/sluttrapport_sou.pdf, page 3>
Package pdftex.def Info: apx/sluttrapport_sou.pdf, page3 used on input line 222
.
(pdftex.def)             Requested size: 597.78697pt x 773.60669pt.
File: apx/sluttrapport_sou.pdf Graphic file (type pdf)

<use apx/sluttrapport_sou.pdf, page 3>
Package pdftex.def Info: apx/sluttrapport_sou.pdf, page3 used on input line 222
.
(pdftex.def)             Requested size: 597.78697pt x 773.60669pt.
 [65 <./apx/sluttrapport_sou.pdf>]
<apx/sluttrapport_sou.pdf, id=1382, page=4, 614.295pt x 794.97pt>
File: apx/sluttrapport_sou.pdf Graphic file (type pdf)

<use apx/sluttrapport_sou.pdf, page 4>
Package pdftex.def Info: apx/sluttrapport_sou.pdf, page4 used on input line 222
.
(pdftex.def)             Requested size: 597.78697pt x 773.60669pt.
File: apx/sluttrapport_sou.pdf Graphic file (type pdf)
 <use apx/sluttrapport_sou.pdf, page 4>
Package pdftex.def Info: apx/sluttrapport_sou.pdf, page4 used on input line 222
.
(pdftex.def)             Requested size: 597.78697pt x 773.60669pt.
File: apx/sluttrapport_sou.pdf Graphic file (type pdf)

<use apx/sluttrapport_sou.pdf, page 4>
Package pdftex.def Info: apx/sluttrapport_sou.pdf, page4 used on input line 222
.
(pdftex.def)             Requested size: 597.78697pt x 773.60669pt.
 [66 <./apx/sluttrapport_sou.pdf>]
<apx/sluttrapport_sou.pdf, id=1387, page=5, 614.295pt x 794.97pt>
File: apx/sluttrapport_sou.pdf Graphic file (type pdf)

<use apx/sluttrapport_sou.pdf, page 5>
Package pdftex.def Info: apx/sluttrapport_sou.pdf, page5 used on input line 222
.
(pdftex.def)             Requested size: 597.78697pt x 773.60669pt.
File: apx/sluttrapport_sou.pdf Graphic file (type pdf)
 <use apx/sluttrapport_sou.pdf, page 5>
Package pdftex.def Info: apx/sluttrapport_sou.pdf, page5 used on input line 222
.
(pdftex.def)             Requested size: 597.78697pt x 773.60669pt.
File: apx/sluttrapport_sou.pdf Graphic file (type pdf)

<use apx/sluttrapport_sou.pdf, page 5>
Package pdftex.def Info: apx/sluttrapport_sou.pdf, page5 used on input line 222
.
(pdftex.def)             Requested size: 597.78697pt x 773.60669pt.
 [67 <./apx/sluttrapport_sou.pdf>]
<apx/sluttrapport_sou.pdf, id=1397, page=6, 614.295pt x 794.97pt>
File: apx/sluttrapport_sou.pdf Graphic file (type pdf)

<use apx/sluttrapport_sou.pdf, page 6>
Package pdftex.def Info: apx/sluttrapport_sou.pdf, page6 used on input line 222
.
(pdftex.def)             Requested size: 597.78697pt x 773.60669pt.
File: apx/sluttrapport_sou.pdf Graphic file (type pdf)
 <use apx/sluttrapport_sou.pdf, page 6>
Package pdftex.def Info: apx/sluttrapport_sou.pdf, page6 used on input line 222
.
(pdftex.def)             Requested size: 597.78697pt x 773.60669pt.
File: apx/sluttrapport_sou.pdf Graphic file (type pdf)

<use apx/sluttrapport_sou.pdf, page 6>
Package pdftex.def Info: apx/sluttrapport_sou.pdf, page6 used on input line 222
.
(pdftex.def)             Requested size: 597.78697pt x 773.60669pt.
 [68 <./apx/sluttrapport_sou.pdf>]
<apx/sluttrapport_sou.pdf, id=1402, page=7, 614.295pt x 794.97pt>
File: apx/sluttrapport_sou.pdf Graphic file (type pdf)

<use apx/sluttrapport_sou.pdf, page 7>
Package pdftex.def Info: apx/sluttrapport_sou.pdf, page7 used on input line 222
.
(pdftex.def)             Requested size: 597.78697pt x 773.60669pt.
File: apx/sluttrapport_sou.pdf Graphic file (type pdf)
 <use apx/sluttrapport_sou.pdf, page 7>
Package pdftex.def Info: apx/sluttrapport_sou.pdf, page7 used on input line 222
.
(pdftex.def)             Requested size: 597.78697pt x 773.60669pt.
File: apx/sluttrapport_sou.pdf Graphic file (type pdf)

<use apx/sluttrapport_sou.pdf, page 7>
Package pdftex.def Info: apx/sluttrapport_sou.pdf, page7 used on input line 222
.
(pdftex.def)             Requested size: 597.78697pt x 773.60669pt.
 [69 <./apx/sluttrapport_sou.pdf>]
<apx/sluttrapport_sou.pdf, id=1407, page=8, 614.295pt x 794.97pt>
File: apx/sluttrapport_sou.pdf Graphic file (type pdf)

<use apx/sluttrapport_sou.pdf, page 8>
Package pdftex.def Info: apx/sluttrapport_sou.pdf, page8 used on input line 222
.
(pdftex.def)             Requested size: 597.78697pt x 773.60669pt.
File: apx/sluttrapport_sou.pdf Graphic file (type pdf)
 <use apx/sluttrapport_sou.pdf, page 8>
Package pdftex.def Info: apx/sluttrapport_sou.pdf, page8 used on input line 222
.
(pdftex.def)             Requested size: 597.78697pt x 773.60669pt.
File: apx/sluttrapport_sou.pdf Graphic file (type pdf)

<use apx/sluttrapport_sou.pdf, page 8>
Package pdftex.def Info: apx/sluttrapport_sou.pdf, page8 used on input line 222
.
(pdftex.def)             Requested size: 597.78697pt x 773.60669pt.
 [70 <./apx/sluttrapport_sou.pdf>]
<apx/sluttrapport_sou.pdf, id=1413, page=9, 614.295pt x 794.97pt>
File: apx/sluttrapport_sou.pdf Graphic file (type pdf)

<use apx/sluttrapport_sou.pdf, page 9>
Package pdftex.def Info: apx/sluttrapport_sou.pdf, page9 used on input line 222
.
(pdftex.def)             Requested size: 597.78697pt x 773.60669pt.
File: apx/sluttrapport_sou.pdf Graphic file (type pdf)
 <use apx/sluttrapport_sou.pdf, page 9>
Package pdftex.def Info: apx/sluttrapport_sou.pdf, page9 used on input line 222
.
(pdftex.def)             Requested size: 597.78697pt x 773.60669pt.
File: apx/sluttrapport_sou.pdf Graphic file (type pdf)

<use apx/sluttrapport_sou.pdf, page 9>
Package pdftex.def Info: apx/sluttrapport_sou.pdf, page9 used on input line 222
.
(pdftex.def)             Requested size: 597.78697pt x 773.60669pt.
 [71 <./apx/sluttrapport_sou.pdf>]
[72]
Package atveryend Info: Empty hook `BeforeClearDocument' on input line 231.
 [73


]
Package atveryend Info: Empty hook `AfterLastShipout' on input line 231.
 (./sluttrapport.aux)
Package atveryend Info: Executing hook `AtVeryEndDocument' on input line 231.
Package atveryend Info: Executing hook `AtEndAfterFileList' on input line 231.


Package rerunfilecheck Warning: File `sluttrapport.out' has changed.
(rerunfilecheck)                Rerun to get outlines right
(rerunfilecheck)                or use package `bookmark'.

Package rerunfilecheck Info: Checksums for `sluttrapport.out':
(rerunfilecheck)             Before: 54497E12AA61CB93412BE481E7485275;3011
(rerunfilecheck)             After:  CEC7802284D24FCB50504986D26C8651;2984.

LaTeX Warning: There were undefined references.

Package atveryend Info: Empty hook `AtVeryVeryEnd' on input line 231.
 ) 
Here is how much of TeX's memory you used:
 7478 strings out of 495059
 109228 string characters out of 3182031
 191422 words of memory out of 3000000
 10354 multiletter control sequences out of 15000+200000
 76537 words of font info for 54 fonts, out of 3000000 for 9000
 14 hyphenation exceptions out of 8191
 40i,18n,46p,756b,469s stack positions out of 5000i,500n,10000p,200000b,50000s
pdfTeX warning (dest): name{appendix*.37} has been referenced but does not ex
ist, replaced by a fixed one

{/usr/share/texmf/fonts/enc/dvips/lm/lm-ec.enc}</usr/share/texlive/texmf-dist/f
onts/type1/public/amsfonts/cm/cmbx12.pfb></usr/share/texlive/texmf-dist/fonts/t
ype1/public/amsfonts/cm/cmcsc10.pfb></usr/share/texlive/texmf-dist/fonts/type1/
public/amsfonts/cm/cmr10.pfb></usr/share/texlive/texmf-dist/fonts/type1/public/
amsfonts/cm/cmr12.pfb></usr/share/texlive/texmf-dist/fonts/type1/public/amsfont
s/cm/cmr17.pfb></usr/share/texlive/texmf-dist/fonts/type1/public/amsfonts/cm/cm
r7.pfb></usr/share/texlive/texmf-dist/fonts/type1/public/amsfonts/cm/cmr8.pfb><
/usr/share/texlive/texmf-dist/fonts/type1/public/amsfonts/cm/cmsy10.pfb></usr/s
hare/texmf/fonts/type1/public/lm/lmbx12.pfb></usr/share/texmf/fonts/type1/publi
c/lm/lmcsc10.pfb></usr/share/texmf/fonts/type1/public/lm/lmr10.pfb></usr/share/
texmf/fonts/type1/public/lm/lmr12.pfb></usr/share/texmf/fonts/type1/public/lm/l
mr17.pfb></usr/share/texmf/fonts/type1/public/lm/lmr7.pfb></usr/share/texmf/fon
ts/type1/public/lm/lmr8.pfb></usr/share/texmf/fonts/type1/public/lm/lmri12.pfb>
</usr/share/texmf/fonts/type1/public/lm/lmro12.pfb></usr/share/texmf/fonts/type
1/public/lm/lmtt10.pfb>
Output written on sluttrapport.pdf (82 pages, 924993 bytes).
PDF statistics:
 1514 PDF objects out of 1728 (max. 8388607)
 805 compressed objects within 9 object streams
 169 named destinations out of 1000 (max. 500000)
 700 words of extra memory for PDF output out of 10000 (max. 10000000)

